#! /usr/bin/vvp
:ivl_version "11.0 (stable)";
:ivl_delay_selection "TYPICAL";
:vpi_time_precision + 0;
:vpi_module "/usr/lib/x86_64-linux-gnu/ivl/system.vpi";
:vpi_module "/usr/lib/x86_64-linux-gnu/ivl/vhdl_sys.vpi";
:vpi_module "/usr/lib/x86_64-linux-gnu/ivl/vhdl_textio.vpi";
:vpi_module "/usr/lib/x86_64-linux-gnu/ivl/v2005_math.vpi";
:vpi_module "/usr/lib/x86_64-linux-gnu/ivl/va_math.vpi";
S_0x59bd17373df0 .scope module, "Control_Unit" "Control_Unit" 2 1;
 .timescale 0 0;
    .port_info 0 /INPUT 1 "clk";
    .port_info 1 /INPUT 1 "rst_n";
    .port_info 2 /INPUT 7 "instruction_opcode";
    .port_info 3 /OUTPUT 1 "pc_write";
    .port_info 4 /OUTPUT 1 "ir_write";
    .port_info 5 /OUTPUT 1 "pc_source";
    .port_info 6 /OUTPUT 1 "reg_write";
    .port_info 7 /OUTPUT 1 "memory_read";
    .port_info 8 /OUTPUT 1 "is_immediate";
    .port_info 9 /OUTPUT 1 "memory_write";
    .port_info 10 /OUTPUT 1 "pc_write_cond";
    .port_info 11 /OUTPUT 1 "lorD";
    .port_info 12 /OUTPUT 1 "memory_to_reg";
    .port_info 13 /OUTPUT 2 "aluop";
    .port_info 14 /OUTPUT 2 "alu_src_a";
    .port_info 15 /OUTPUT 2 "alu_src_b";
P_0x59bd173a4570 .param/l "ALUWB" 1 2 28, C4<0111>;
P_0x59bd173a45b0 .param/l "AUIPC" 1 2 33, C4<1100>;
P_0x59bd173a45f0 .param/l "AUIPCI" 1 2 45, C4<0010111>;
P_0x59bd173a4630 .param/l "BRANCH" 1 2 31, C4<1010>;
P_0x59bd173a4670 .param/l "BRANCHI" 1 2 43, C4<1100011>;
P_0x59bd173a46b0 .param/l "DECODE" 1 2 22, C4<0001>;
P_0x59bd173a46f0 .param/l "EXECUTEI" 1 2 29, C4<1000>;
P_0x59bd173a4730 .param/l "EXECUTER" 1 2 27, C4<0110>;
P_0x59bd173a4770 .param/l "FETCH" 1 2 21, C4<0000>;
P_0x59bd173a47b0 .param/l "ITYPE" 1 2 41, C4<0010011>;
P_0x59bd173a47f0 .param/l "JAL" 1 2 30, C4<1001>;
P_0x59bd173a4830 .param/l "JALI" 1 2 42, C4<1101111>;
P_0x59bd173a4870 .param/l "JALR" 1 2 32, C4<1011>;
P_0x59bd173a48b0 .param/l "JALRI" 1 2 44, C4<1100111>;
P_0x59bd173a48f0 .param/l "JALR_PC" 1 2 35, C4<1110>;
P_0x59bd173a4930 .param/l "LUI" 1 2 34, C4<1101>;
P_0x59bd173a4970 .param/l "LUII" 1 2 46, C4<0110111>;
P_0x59bd173a49b0 .param/l "LW" 1 2 38, C4<0000011>;
P_0x59bd173a49f0 .param/l "MEMADR" 1 2 23, C4<0010>;
P_0x59bd173a4a30 .param/l "MEMREAD" 1 2 24, C4<0011>;
P_0x59bd173a4a70 .param/l "MEMWB" 1 2 25, C4<0100>;
P_0x59bd173a4ab0 .param/l "MEMWRITE" 1 2 26, C4<0101>;
P_0x59bd173a4af0 .param/l "RTYPE" 1 2 40, C4<0110011>;
P_0x59bd173a4b30 .param/l "SW" 1 2 39, C4<0100011>;
v0x59bd173a4b80_0 .var "alu_src_a", 1 0;
v0x59bd173da980_0 .var "alu_src_b", 1 0;
v0x59bd173daa60_0 .var "aluop", 1 0;
o0x7093256450a8 .functor BUFZ 1, C4<z>; HiZ drive
v0x59bd173dab20_0 .net "clk", 0 0, o0x7093256450a8;  0 drivers
o0x7093256450d8 .functor BUFZ 7, C4<zzzzzzz>; HiZ drive
v0x59bd173dabe0_0 .net "instruction_opcode", 6 0, o0x7093256450d8;  0 drivers
v0x59bd173dad10_0 .var "ir_write", 0 0;
v0x59bd173dadd0_0 .var "is_immediate", 0 0;
v0x59bd173dae90_0 .var "lorD", 0 0;
v0x59bd173daf50_0 .var "memory_read", 0 0;
v0x59bd173db010_0 .var "memory_to_reg", 0 0;
v0x59bd173db0d0_0 .var "memory_write", 0 0;
v0x59bd173db190_0 .var "next_state", 3 0;
v0x59bd173db270_0 .var "pc_source", 0 0;
v0x59bd173db330_0 .var "pc_write", 0 0;
v0x59bd173db3f0_0 .var "pc_write_cond", 0 0;
v0x59bd173db4b0_0 .var "reg_write", 0 0;
o0x709325645318 .functor BUFZ 1, C4<z>; HiZ drive
v0x59bd173db570_0 .net "rst_n", 0 0, o0x709325645318;  0 drivers
v0x59bd173db740_0 .var "state", 3 0;
E_0x59bd173ad510 .event edge, v0x59bd173db740_0;
E_0x59bd17374420 .event edge, v0x59bd173db740_0, v0x59bd173dabe0_0;
E_0x59bd173b1770/0 .event negedge, v0x59bd173db570_0;
E_0x59bd173b1770/1 .event posedge, v0x59bd173dab20_0;
E_0x59bd173b1770 .event/or E_0x59bd173b1770/0, E_0x59bd173b1770/1;
    .scope S_0x59bd17373df0;
T_0 ;
    %wait E_0x59bd173b1770;
    %load/vec4 v0x59bd173db570_0;
    %nor/r;
    %flag_set/vec4 8;
    %jmp/0xz  T_0.0, 8;
    %pushi/vec4 0, 0, 4;
    %store/vec4 v0x59bd173db740_0, 0, 4;
    %jmp T_0.1;
T_0.0 ;
    %load/vec4 v0x59bd173db190_0;
    %store/vec4 v0x59bd173db740_0, 0, 4;
T_0.1 ;
    %jmp T_0;
    .thread T_0;
    .scope S_0x59bd17373df0;
T_1 ;
    %wait E_0x59bd17374420;
    %load/vec4 v0x59bd173db740_0;
    %dup/vec4;
    %pushi/vec4 0, 0, 4;
    %cmp/u;
    %jmp/1 T_1.0, 6;
    %dup/vec4;
    %pushi/vec4 1, 0, 4;
    %cmp/u;
    %jmp/1 T_1.1, 6;
    %dup/vec4;
    %pushi/vec4 2, 0, 4;
    %cmp/u;
    %jmp/1 T_1.2, 6;
    %dup/vec4;
    %pushi/vec4 3, 0, 4;
    %cmp/u;
    %jmp/1 T_1.3, 6;
    %dup/vec4;
    %pushi/vec4 4, 0, 4;
    %cmp/u;
    %jmp/1 T_1.4, 6;
    %dup/vec4;
    %pushi/vec4 5, 0, 4;
    %cmp/u;
    %jmp/1 T_1.5, 6;
    %dup/vec4;
    %pushi/vec4 7, 0, 4;
    %cmp/u;
    %jmp/1 T_1.6, 6;
    %dup/vec4;
    %pushi/vec4 10, 0, 4;
    %cmp/u;
    %jmp/1 T_1.7, 6;
    %dup/vec4;
    %pushi/vec4 6, 0, 4;
    %cmp/u;
    %jmp/1 T_1.8, 6;
    %dup/vec4;
    %pushi/vec4 8, 0, 4;
    %cmp/u;
    %jmp/1 T_1.9, 6;
    %dup/vec4;
    %pushi/vec4 9, 0, 4;
    %cmp/u;
    %jmp/1 T_1.10, 6;
    %dup/vec4;
    %pushi/vec4 11, 0, 4;
    %cmp/u;
    %jmp/1 T_1.11, 6;
    %dup/vec4;
    %pushi/vec4 12, 0, 4;
    %cmp/u;
    %jmp/1 T_1.12, 6;
    %dup/vec4;
    %pushi/vec4 13, 0, 4;
    %cmp/u;
    %jmp/1 T_1.13, 6;
    %dup/vec4;
    %pushi/vec4 14, 0, 4;
    %cmp/u;
    %jmp/1 T_1.14, 6;
    %jmp T_1.15;
T_1.0 ;
    %pushi/vec4 1, 0, 4;
    %store/vec4 v0x59bd173db190_0, 0, 4;
    %jmp T_1.15;
T_1.1 ;
    %load/vec4 v0x59bd173dabe0_0;
    %dup/vec4;
    %pushi/vec4 3, 0, 7;
    %cmp/u;
    %jmp/1 T_1.16, 6;
    %dup/vec4;
    %pushi/vec4 35, 0, 7;
    %cmp/u;
    %jmp/1 T_1.17, 6;
    %dup/vec4;
    %pushi/vec4 51, 0, 7;
    %cmp/u;
    %jmp/1 T_1.18, 6;
    %dup/vec4;
    %pushi/vec4 55, 0, 7;
    %cmp/u;
    %jmp/1 T_1.19, 6;
    %dup/vec4;
    %pushi/vec4 23, 0, 7;
    %cmp/u;
    %jmp/1 T_1.20, 6;
    %dup/vec4;
    %pushi/vec4 19, 0, 7;
    %cmp/u;
    %jmp/1 T_1.21, 6;
    %dup/vec4;
    %pushi/vec4 99, 0, 7;
    %cmp/u;
    %jmp/1 T_1.22, 6;
    %dup/vec4;
    %pushi/vec4 111, 0, 7;
    %cmp/u;
    %jmp/1 T_1.23, 6;
    %dup/vec4;
    %pushi/vec4 103, 0, 7;
    %cmp/u;
    %jmp/1 T_1.24, 6;
    %pushi/vec4 0, 0, 4;
    %store/vec4 v0x59bd173db190_0, 0, 4;
    %jmp T_1.26;
T_1.16 ;
    %pushi/vec4 2, 0, 4;
    %store/vec4 v0x59bd173db190_0, 0, 4;
    %jmp T_1.26;
T_1.17 ;
    %pushi/vec4 2, 0, 4;
    %store/vec4 v0x59bd173db190_0, 0, 4;
    %jmp T_1.26;
T_1.18 ;
    %pushi/vec4 6, 0, 4;
    %store/vec4 v0x59bd173db190_0, 0, 4;
    %jmp T_1.26;
T_1.19 ;
    %pushi/vec4 13, 0, 4;
    %store/vec4 v0x59bd173db190_0, 0, 4;
    %jmp T_1.26;
T_1.20 ;
    %pushi/vec4 12, 0, 4;
    %store/vec4 v0x59bd173db190_0, 0, 4;
    %jmp T_1.26;
T_1.21 ;
    %pushi/vec4 8, 0, 4;
    %store/vec4 v0x59bd173db190_0, 0, 4;
    %jmp T_1.26;
T_1.22 ;
    %pushi/vec4 10, 0, 4;
    %store/vec4 v0x59bd173db190_0, 0, 4;
    %jmp T_1.26;
T_1.23 ;
    %pushi/vec4 9, 0, 4;
    %store/vec4 v0x59bd173db190_0, 0, 4;
    %jmp T_1.26;
T_1.24 ;
    %pushi/vec4 11, 0, 4;
    %store/vec4 v0x59bd173db190_0, 0, 4;
    %jmp T_1.26;
T_1.26 ;
    %pop/vec4 1;
    %jmp T_1.15;
T_1.2 ;
    %load/vec4 v0x59bd173dabe0_0;
    %cmpi/e 3, 0, 7;
    %flag_mov 8, 4;
    %jmp/0 T_1.27, 8;
    %pushi/vec4 3, 0, 4;
    %jmp/1 T_1.28, 8;
T_1.27 ; End of true expr.
    %pushi/vec4 5, 0, 4;
    %jmp/0 T_1.28, 8;
 ; End of false expr.
    %blend;
T_1.28;
    %store/vec4 v0x59bd173db190_0, 0, 4;
    %jmp T_1.15;
T_1.3 ;
    %pushi/vec4 4, 0, 4;
    %store/vec4 v0x59bd173db190_0, 0, 4;
    %jmp T_1.15;
T_1.4 ;
    %pushi/vec4 0, 0, 4;
    %store/vec4 v0x59bd173db190_0, 0, 4;
    %jmp T_1.15;
T_1.5 ;
    %pushi/vec4 0, 0, 4;
    %store/vec4 v0x59bd173db190_0, 0, 4;
    %jmp T_1.15;
T_1.6 ;
    %pushi/vec4 0, 0, 4;
    %store/vec4 v0x59bd173db190_0, 0, 4;
    %jmp T_1.15;
T_1.7 ;
    %pushi/vec4 0, 0, 4;
    %store/vec4 v0x59bd173db190_0, 0, 4;
    %jmp T_1.15;
T_1.8 ;
    %pushi/vec4 7, 0, 4;
    %store/vec4 v0x59bd173db190_0, 0, 4;
    %jmp T_1.15;
T_1.9 ;
    %pushi/vec4 7, 0, 4;
    %store/vec4 v0x59bd173db190_0, 0, 4;
    %jmp T_1.15;
T_1.10 ;
    %pushi/vec4 7, 0, 4;
    %store/vec4 v0x59bd173db190_0, 0, 4;
    %jmp T_1.15;
T_1.11 ;
    %pushi/vec4 7, 0, 4;
    %store/vec4 v0x59bd173db190_0, 0, 4;
    %jmp T_1.15;
T_1.12 ;
    %pushi/vec4 7, 0, 4;
    %store/vec4 v0x59bd173db190_0, 0, 4;
    %jmp T_1.15;
T_1.13 ;
    %pushi/vec4 7, 0, 4;
    %store/vec4 v0x59bd173db190_0, 0, 4;
    %jmp T_1.15;
T_1.14 ;
    %pushi/vec4 11, 0, 4;
    %store/vec4 v0x59bd173db190_0, 0, 4;
    %jmp T_1.15;
T_1.15 ;
    %pop/vec4 1;
    %jmp T_1;
    .thread T_1, $push;
    .scope S_0x59bd17373df0;
T_2 ;
    %wait E_0x59bd173ad510;
    %pushi/vec4 0, 0, 1;
    %store/vec4 v0x59bd173db4b0_0, 0, 1;
    %pushi/vec4 0, 0, 1;
    %store/vec4 v0x59bd173dadd0_0, 0, 1;
    %pushi/vec4 0, 0, 1;
    %store/vec4 v0x59bd173db0d0_0, 0, 1;
    %pushi/vec4 0, 0, 1;
    %store/vec4 v0x59bd173db3f0_0, 0, 1;
    %pushi/vec4 0, 0, 1;
    %store/vec4 v0x59bd173daf50_0, 0, 1;
    %pushi/vec4 0, 0, 1;
    %store/vec4 v0x59bd173db330_0, 0, 1;
    %pushi/vec4 0, 0, 1;
    %store/vec4 v0x59bd173dad10_0, 0, 1;
    %pushi/vec4 0, 0, 1;
    %store/vec4 v0x59bd173db270_0, 0, 1;
    %pushi/vec4 0, 0, 1;
    %store/vec4 v0x59bd173db010_0, 0, 1;
    %pushi/vec4 0, 0, 1;
    %store/vec4 v0x59bd173dae90_0, 0, 1;
    %pushi/vec4 0, 0, 2;
    %store/vec4 v0x59bd173a4b80_0, 0, 2;
    %pushi/vec4 0, 0, 2;
    %store/vec4 v0x59bd173da980_0, 0, 2;
    %pushi/vec4 0, 0, 2;
    %store/vec4 v0x59bd173daa60_0, 0, 2;
    %load/vec4 v0x59bd173db740_0;
    %dup/vec4;
    %pushi/vec4 0, 0, 4;
    %cmp/u;
    %jmp/1 T_2.0, 6;
    %dup/vec4;
    %pushi/vec4 1, 0, 4;
    %cmp/u;
    %jmp/1 T_2.1, 6;
    %dup/vec4;
    %pushi/vec4 2, 0, 4;
    %cmp/u;
    %jmp/1 T_2.2, 6;
    %dup/vec4;
    %pushi/vec4 3, 0, 4;
    %cmp/u;
    %jmp/1 T_2.3, 6;
    %dup/vec4;
    %pushi/vec4 4, 0, 4;
    %cmp/u;
    %jmp/1 T_2.4, 6;
    %dup/vec4;
    %pushi/vec4 5, 0, 4;
    %cmp/u;
    %jmp/1 T_2.5, 6;
    %dup/vec4;
    %pushi/vec4 6, 0, 4;
    %cmp/u;
    %jmp/1 T_2.6, 6;
    %dup/vec4;
    %pushi/vec4 7, 0, 4;
    %cmp/u;
    %jmp/1 T_2.7, 6;
    %dup/vec4;
    %pushi/vec4 8, 0, 4;
    %cmp/u;
    %jmp/1 T_2.8, 6;
    %dup/vec4;
    %pushi/vec4 9, 0, 4;
    %cmp/u;
    %jmp/1 T_2.9, 6;
    %dup/vec4;
    %pushi/vec4 10, 0, 4;
    %cmp/u;
    %jmp/1 T_2.10, 6;
    %dup/vec4;
    %pushi/vec4 11, 0, 4;
    %cmp/u;
    %jmp/1 T_2.11, 6;
    %dup/vec4;
    %pushi/vec4 12, 0, 4;
    %cmp/u;
    %jmp/1 T_2.12, 6;
    %dup/vec4;
    %pushi/vec4 13, 0, 4;
    %cmp/u;
    %jmp/1 T_2.13, 6;
    %dup/vec4;
    %pushi/vec4 14, 0, 4;
    %cmp/u;
    %jmp/1 T_2.14, 6;
    %jmp T_2.15;
T_2.0 ;
    %pushi/vec4 1, 0, 1;
    %store/vec4 v0x59bd173daf50_0, 0, 1;
    %pushi/vec4 0, 0, 2;
    %store/vec4 v0x59bd173a4b80_0, 0, 2;
    %pushi/vec4 0, 0, 1;
    %store/vec4 v0x59bd173dae90_0, 0, 1;
    %pushi/vec4 1, 0, 1;
    %store/vec4 v0x59bd173dad10_0, 0, 1;
    %pushi/vec4 1, 0, 2;
    %store/vec4 v0x59bd173da980_0, 0, 2;
    %pushi/vec4 0, 0, 2;
    %store/vec4 v0x59bd173daa60_0, 0, 2;
    %pushi/vec4 1, 0, 1;
    %store/vec4 v0x59bd173db330_0, 0, 1;
    %pushi/vec4 0, 0, 1;
    %store/vec4 v0x59bd173db270_0, 0, 1;
    %jmp T_2.15;
T_2.1 ;
    %pushi/vec4 2, 0, 2;
    %store/vec4 v0x59bd173a4b80_0, 0, 2;
    %pushi/vec4 2, 0, 2;
    %store/vec4 v0x59bd173da980_0, 0, 2;
    %pushi/vec4 0, 0, 2;
    %store/vec4 v0x59bd173daa60_0, 0, 2;
    %jmp T_2.15;
T_2.2 ;
    %pushi/vec4 1, 0, 2;
    %store/vec4 v0x59bd173a4b80_0, 0, 2;
    %pushi/vec4 2, 0, 2;
    %store/vec4 v0x59bd173da980_0, 0, 2;
    %pushi/vec4 0, 0, 2;
    %store/vec4 v0x59bd173daa60_0, 0, 2;
    %jmp T_2.15;
T_2.3 ;
    %pushi/vec4 1, 0, 1;
    %store/vec4 v0x59bd173daf50_0, 0, 1;
    %pushi/vec4 1, 0, 1;
    %store/vec4 v0x59bd173dae90_0, 0, 1;
    %jmp T_2.15;
T_2.4 ;
    %pushi/vec4 1, 0, 1;
    %store/vec4 v0x59bd173db4b0_0, 0, 1;
    %pushi/vec4 1, 0, 1;
    %store/vec4 v0x59bd173db010_0, 0, 1;
    %jmp T_2.15;
T_2.5 ;
    %pushi/vec4 1, 0, 1;
    %store/vec4 v0x59bd173db0d0_0, 0, 1;
    %pushi/vec4 1, 0, 1;
    %store/vec4 v0x59bd173dae90_0, 0, 1;
    %jmp T_2.15;
T_2.6 ;
    %pushi/vec4 1, 0, 2;
    %store/vec4 v0x59bd173a4b80_0, 0, 2;
    %pushi/vec4 0, 0, 2;
    %store/vec4 v0x59bd173da980_0, 0, 2;
    %pushi/vec4 2, 0, 2;
    %store/vec4 v0x59bd173daa60_0, 0, 2;
    %jmp T_2.15;
T_2.7 ;
    %pushi/vec4 1, 0, 1;
    %store/vec4 v0x59bd173db4b0_0, 0, 1;
    %pushi/vec4 0, 0, 1;
    %store/vec4 v0x59bd173db010_0, 0, 1;
    %jmp T_2.15;
T_2.8 ;
    %pushi/vec4 1, 0, 2;
    %store/vec4 v0x59bd173a4b80_0, 0, 2;
    %pushi/vec4 2, 0, 2;
    %store/vec4 v0x59bd173da980_0, 0, 2;
    %pushi/vec4 2, 0, 2;
    %store/vec4 v0x59bd173daa60_0, 0, 2;
    %pushi/vec4 1, 0, 1;
    %store/vec4 v0x59bd173dadd0_0, 0, 1;
    %jmp T_2.15;
T_2.9 ;
    %pushi/vec4 2, 0, 2;
    %store/vec4 v0x59bd173a4b80_0, 0, 2;
    %pushi/vec4 1, 0, 2;
    %store/vec4 v0x59bd173da980_0, 0, 2;
    %pushi/vec4 1, 0, 1;
    %store/vec4 v0x59bd173db330_0, 0, 1;
    %pushi/vec4 1, 0, 1;
    %store/vec4 v0x59bd173db270_0, 0, 1;
    %pushi/vec4 0, 0, 2;
    %store/vec4 v0x59bd173daa60_0, 0, 2;
    %jmp T_2.15;
T_2.10 ;
    %pushi/vec4 1, 0, 2;
    %store/vec4 v0x59bd173a4b80_0, 0, 2;
    %pushi/vec4 0, 0, 2;
    %store/vec4 v0x59bd173da980_0, 0, 2;
    %pushi/vec4 1, 0, 2;
    %store/vec4 v0x59bd173daa60_0, 0, 2;
    %pushi/vec4 1, 0, 1;
    %store/vec4 v0x59bd173db3f0_0, 0, 1;
    %pushi/vec4 1, 0, 1;
    %store/vec4 v0x59bd173db270_0, 0, 1;
    %jmp T_2.15;
T_2.11 ;
    %pushi/vec4 2, 0, 2;
    %store/vec4 v0x59bd173a4b80_0, 0, 2;
    %pushi/vec4 1, 0, 2;
    %store/vec4 v0x59bd173da980_0, 0, 2;
    %pushi/vec4 1, 0, 1;
    %store/vec4 v0x59bd173db330_0, 0, 1;
    %pushi/vec4 1, 0, 1;
    %store/vec4 v0x59bd173db270_0, 0, 1;
    %pushi/vec4 0, 0, 2;
    %store/vec4 v0x59bd173daa60_0, 0, 2;
    %pushi/vec4 1, 0, 1;
    %store/vec4 v0x59bd173dadd0_0, 0, 1;
    %jmp T_2.15;
T_2.12 ;
    %pushi/vec4 2, 0, 2;
    %store/vec4 v0x59bd173a4b80_0, 0, 2;
    %pushi/vec4 2, 0, 2;
    %store/vec4 v0x59bd173da980_0, 0, 2;
    %pushi/vec4 0, 0, 2;
    %store/vec4 v0x59bd173daa60_0, 0, 2;
    %jmp T_2.15;
T_2.13 ;
    %pushi/vec4 3, 0, 2;
    %store/vec4 v0x59bd173a4b80_0, 0, 2;
    %pushi/vec4 2, 0, 2;
    %store/vec4 v0x59bd173da980_0, 0, 2;
    %pushi/vec4 0, 0, 2;
    %store/vec4 v0x59bd173daa60_0, 0, 2;
    %jmp T_2.15;
T_2.14 ;
    %pushi/vec4 1, 0, 2;
    %store/vec4 v0x59bd173a4b80_0, 0, 2;
    %pushi/vec4 2, 0, 2;
    %store/vec4 v0x59bd173da980_0, 0, 2;
    %pushi/vec4 0, 0, 2;
    %store/vec4 v0x59bd173daa60_0, 0, 2;
    %jmp T_2.15;
T_2.15 ;
    %pop/vec4 1;
    %jmp T_2;
    .thread T_2, $push;
# The file index is used to find the file name in the following table.
:file_names 3;
    "N/A";
    "<interactive>";
    "control_unit.v";
